<?xml version="1.0" encoding="UTF-8"?>
<testsuite name="com.cg.censusanalysis.statecodedata.StateCodeAnalyserTest" tests="5" skipped="0" failures="0" errors="0" timestamp="2020-10-26T15:21:42" hostname="AVINASH" time="0.198">
  <properties/>
  <testcase name="whenGivenWrongFIleTypeThrowsException" classname="com.cg.censusanalysis.statecodedata.StateCodeAnalyserTest" time="0.005"/>
  <testcase name="givenCsvFileThrowsExceptionWhenWrongPath" classname="com.cg.censusanalysis.statecodedata.StateCodeAnalyserTest" time="0.003"/>
  <testcase name="givenCsvFileReturnsCorrectNumberOfRecords" classname="com.cg.censusanalysis.statecodedata.StateCodeAnalyserTest" time="0.184"/>
  <testcase name="whenGivenWrongTypeDelimiterThrowException" classname="com.cg.censusanalysis.statecodedata.StateCodeAnalyserTest" time="0.001"/>
  <testcase name="whenGivenWrongHeaderFormatThrowException" classname="com.cg.censusanalysis.statecodedata.StateCodeAnalyserTest" time="0.002"/>
  <system-out><![CDATA[]]></system-out>
  <system-err><![CDATA[]]></system-err>
</testsuite>
