<?xml version="1.0" encoding="UTF-8"?>
<testsuite name="com.cg.censusanalysis.StateCensusAnalyserTest" tests="1" skipped="0" failures="0" errors="0" timestamp="2020-10-26T13:17:52" hostname="AVINASH" time="0.01">
  <properties/>
  <testcase name="whenGivenWrongHeaderFormatThrowException" classname="com.cg.censusanalysis.StateCensusAnalyserTest" time="0.01"/>
  <system-out><![CDATA[]]></system-out>
  <system-err><![CDATA[]]></system-err>
</testsuite>
